otus - 2025-09-23 22:40:42 - Host: cz54708.tw1.ru - UNCAUGHT_EXCEPTION - [DivisionByZeroError] 
Division by zero (0)
/home/c/cz54708/public_html/otus/debug.php:18
----------

otus - 2025-09-23 22:54:11 - Host: cz54708.tw1.ru - UNCAUGHT_EXCEPTION - [DivisionByZeroError] 
Division by zero (0)
/home/c/cz54708/public_html/otus/divZero.php:12
----------

otus - 2025-09-23 22:54:53 - Host: cz54708.tw1.ru - UNCAUGHT_EXCEPTION - [DivisionByZeroError] 
Division by zero (0)
/home/c/cz54708/public_html/otus/divZero.php:12
----------

otus - 2025-09-23 23:03:59 - Host: cz54708.tw1.ru - UNCAUGHT_EXCEPTION - [DivisionByZeroError] 
Division by zero (0)
/home/c/cz54708/public_html/otus/divZero.php:12
----------

otus - 2025-09-23 23:04:48 - Host: cz54708.tw1.ru - UNCAUGHT_EXCEPTION - [DivisionByZeroError] 
Division by zero (0)
/home/c/cz54708/public_html/otus/divZero.php:12
----------

